<?xml version="1.0" encoding="UTF-8"?>
<testng-results ignored="0" total="1" passed="1" failed="0" skipped="0">
  <reporter-output>
  </reporter-output>
  <suite started-at="2023-02-02T17:51:18 IST" name="Default suite" finished-at="2023-02-02T17:51:54 IST" duration-ms="35859">
    <groups>
    </groups>
    <test started-at="2023-02-02T17:51:18 IST" name="Default test" finished-at="2023-02-02T17:51:54 IST" duration-ms="35859">
      <class name="CSK.OpenCart.MainTest">
        <test-method signature="Test()[pri:0, instance:CSK.OpenCart.MainTest@58d75e99]" started-at="2023-02-02T17:51:18 IST" name="Test" finished-at="2023-02-02T17:51:54 IST" duration-ms="35825" status="PASS">
          <reporter-output>
          </reporter-output>
        </test-method> <!-- Test -->
      </class> <!-- CSK.OpenCart.MainTest -->
    </test> <!-- Default test -->
  </suite> <!-- Default suite -->
</testng-results>
