<?xml version="1.0" encoding="UTF-8"?>
<testng-results ignored="0" total="1" passed="1" failed="0" skipped="0">
  <reporter-output>
  </reporter-output>
  <suite started-at="2023-02-07T18:08:52 IST" name="Default suite" finished-at="2023-02-07T18:09:26 IST" duration-ms="33609">
    <groups>
    </groups>
    <test started-at="2023-02-07T18:08:52 IST" name="Default test" finished-at="2023-02-07T18:09:26 IST" duration-ms="33609">
      <class name="CSK.OpenCart.MainTest">
        <test-method signature="Test()[pri:0, instance:CSK.OpenCart.MainTest@188715b5]" started-at="2023-02-07T18:08:52 IST" name="Test" finished-at="2023-02-07T18:09:26 IST" duration-ms="33556" status="PASS">
          <reporter-output>
          </reporter-output>
        </test-method> <!-- Test -->
      </class> <!-- CSK.OpenCart.MainTest -->
    </test> <!-- Default test -->
  </suite> <!-- Default suite -->
</testng-results>
